<?xml version="1.0" encoding="utf-8" standalone="no"?>
<!--This file represents the results of running a test suite-->
<test-results name="D:\projects\LoanGeek\LoanGeek.Tests\bin\Release\LoanGeek.Tests.dll" total="9" errors="0" failures="5" not-run="0" inconclusive="0" ignored="0" skipped="0" invalid="0" date="2010-09-03" time="18:00:43">
  <environment nunit-version="2.5.7.10213" clr-version="2.0.50727.4952" os-version="Microsoft Windows NT 6.1.7600.0" platform="Win32NT" cwd="C:\Program Files (x86)\NUnit 2.5.7\bin\net-2.0" machine-name="SNACKATTACK" user="Robert" user-domain="snackattack" />
  <culture-info current-culture="en-US" current-uiculture="en-US" />
  <test-suite type="Assembly" name="D:\projects\LoanGeek\LoanGeek.Tests\bin\Release\LoanGeek.Tests.dll" executed="True" result="Failure" success="False" time="0.059" asserts="0">
    <results>
      <test-suite type="Namespace" name="UnitTests" executed="True" result="Failure" success="False" time="0.051" asserts="0">
        <results>
          <test-suite type="TestFixture" name="TestLoanData" executed="True" result="Failure" success="False" time="0.044" asserts="0">
            <results>
              <test-case name="UnitTests.TestLoanData.TestMonthlyHoaPayment" executed="True" result="Success" success="True" time="0.000" asserts="1" />
              <test-case name="UnitTests.TestLoanData.TestMonthlyInsurancePayment" executed="True" result="Failure" success="False" time="0.001" asserts="1">
                <failure>
                  <message><![CDATA[  Expected: 61.93d
  But was:  61.939999999999998d
]]></message>
                  <stack-trace><![CDATA[at UnitTests.TestLoanData.TestMonthlyInsurancePayment() in D:\projects\LoanGeek\LoanGeek.Tests\TestLoanData.cs:line 70
]]></stack-trace>
                </failure>
              </test-case>
              <test-case name="UnitTests.TestLoanData.TestMonthlyInterestPayment" executed="True" result="Success" success="True" time="0.000" asserts="1" />
              <test-case name="UnitTests.TestLoanData.TestMonthlyPmiPayment" executed="True" result="Failure" success="False" time="0.001" asserts="1">
                <failure>
                  <message><![CDATA[  Expected: 83.329999999999998d
  But was:  0.0d
]]></message>
                  <stack-trace><![CDATA[at UnitTests.TestLoanData.TestMonthlyPmiPayment() in D:\projects\LoanGeek\LoanGeek.Tests\TestLoanData.cs:line 54
]]></stack-trace>
                </failure>
              </test-case>
              <test-case name="UnitTests.TestLoanData.TestMonthlyPrincipalAndInterestPayment" executed="True" result="Success" success="True" time="0.000" asserts="1" />
              <test-case name="UnitTests.TestLoanData.TestMonthlyPrincipalPayment" executed="True" result="Failure" success="False" time="0.001" asserts="1">
                <failure>
                  <message><![CDATA[  Expected: 283.06d
  But was:  281.80000000000001d
]]></message>
                  <stack-trace><![CDATA[at UnitTests.TestLoanData.TestMonthlyPrincipalPayment() in D:\projects\LoanGeek\LoanGeek.Tests\TestLoanData.cs:line 35
]]></stack-trace>
                </failure>
              </test-case>
              <test-case name="UnitTests.TestLoanData.TestMonthlyPropertyTaxPayment" executed="True" result="Failure" success="False" time="0.000" asserts="1">
                <failure>
                  <message><![CDATA[  Expected: 386.67000000000002d
  But was:  687.5d
]]></message>
                  <stack-trace><![CDATA[at UnitTests.TestLoanData.TestMonthlyPropertyTaxPayment() in D:\projects\LoanGeek\LoanGeek.Tests\TestLoanData.cs:line 48
]]></stack-trace>
                </failure>
              </test-case>
              <test-case name="UnitTests.TestLoanData.testRounding" executed="True" result="Success" success="True" time="0.000" asserts="1" />
              <test-case name="UnitTests.TestLoanData.TestTotalMonthlyPayment" executed="True" result="Failure" success="False" time="0.000" asserts="1">
                <failure>
                  <message><![CDATA[  Expected: 1623.9000000000001d
  But was:  1935.4100000000001d
]]></message>
                  <stack-trace><![CDATA[at UnitTests.TestLoanData.TestTotalMonthlyPayment() in D:\projects\LoanGeek\LoanGeek.Tests\TestLoanData.cs:line 23
]]></stack-trace>
                </failure>
              </test-case>
            </results>
          </test-suite>
        </results>
      </test-suite>
    </results>
  </test-suite>
</test-results>